<?xml version="1.0" encoding="UTF-8"?>
<!-- Generated by org.testng.reporters.JUnitXMLReporter -->
<testsuite hostname="Samsul_Alam" ignored="0" name="restassuredtests" tests="5" failures="0" timestamp="2021-07-04T18:29:52 IST" time="7.124" errors="0">
  <testcase name="checkContentType" time="0.014" classname="com.employeeapi.testCases.TC001_Get_All_Employees"/>
  <testcase name="checkResponseBody" time="0.035" classname="com.employeeapi.testCases.TC001_Get_All_Employees"/>
  <testcase name="checkServerType" time="0.0" classname="com.employeeapi.testCases.TC001_Get_All_Employees"/>
  <testcase name="checkStatusCode" time="0.0" classname="com.employeeapi.testCases.TC001_Get_All_Employees"/>
  <testcase name="checkStatusLine" time="0.001" classname="com.employeeapi.testCases.TC001_Get_All_Employees"/>
</testsuite> <!-- restassuredtests -->
