<?xml version="1.0" encoding="UTF-8"?>
<!-- Generated by org.testng.reporters.JUnitXMLReporter -->
<testsuite hostname="Samsul_Alam" ignored="0" name="restassuredtests" tests="28" failures="13" timestamp="2021-07-04T17:51:35 IST" time="22.666" errors="0">
  <testcase name="checkContentType" time="0.018" classname="com.employeeapi.testCases.TC001_Get_All_Employees"/>
  <testcase name="checkResponseBody" time="0.027" classname="com.employeeapi.testCases.TC001_Get_All_Employees"/>
  <testcase name="checkServerType" time="0.003" classname="com.employeeapi.testCases.TC001_Get_All_Employees"/>
  <testcase name="checkStatusCode" time="0.002" classname="com.employeeapi.testCases.TC001_Get_All_Employees"/>
  <testcase name="checkStatusLine" time="0.006" classname="com.employeeapi.testCases.TC001_Get_All_Employees"/>
  <testcase name="checkContentType" time="0.005" classname="com.employeeapi.testCases.TC002_Get_A_Single_Employee_Data">
    <failure type="org.junit.ComparisonFailure" message="expected:&amp;lt;[text/html; charset=UTF-8]&amp;gt; but was:&amp;lt;[application/json]&amp;gt;">
      <![CDATA[org.junit.ComparisonFailure: expected:<[text/html; charset=UTF-8]> but was:<[application/json]>
at org.junit.Assert.assertEquals(Assert.java:125)
at org.junit.Assert.assertEquals(Assert.java:147)
at com.employeeapi.testCases.TC002_Get_A_Single_Employee_Data.checkContentType(TC002_Get_A_Single_Employee_Data.java:74)
at java.util.ArrayList.forEach(ArrayList.java:1259)
... Removed 27 stack frames]]>
    </failure>
  </testcase> <!-- checkContentType -->
  <testcase name="checkResponseBody" time="0.028" classname="com.employeeapi.testCases.TC002_Get_A_Single_Employee_Data"/>
  <testcase name="checkServerType" time="0.002" classname="com.employeeapi.testCases.TC002_Get_A_Single_Employee_Data"/>
  <testcase name="checkStatusCode" time="0.002" classname="com.employeeapi.testCases.TC002_Get_A_Single_Employee_Data">
    <failure type="java.lang.AssertionError" message="expected:&amp;lt;429&amp;gt; but was:&amp;lt;200&amp;gt;">
      <![CDATA[java.lang.AssertionError: expected:<429> but was:<200>
at org.junit.Assert.fail(Assert.java:93)
at org.junit.Assert.failNotEquals(Assert.java:647)
at org.junit.Assert.assertEquals(Assert.java:128)
at org.junit.Assert.assertEquals(Assert.java:472)
at org.junit.Assert.assertEquals(Assert.java:456)
at com.employeeapi.testCases.TC002_Get_A_Single_Employee_Data.checkStatusCode(TC002_Get_A_Single_Employee_Data.java:40)
at java.util.ArrayList.forEach(ArrayList.java:1259)
... Removed 27 stack frames]]>
    </failure>
  </testcase> <!-- checkStatusCode -->
  <testcase name="checkStatusLine" time="0.001" classname="com.employeeapi.testCases.TC002_Get_A_Single_Employee_Data">
    <failure type="org.junit.ComparisonFailure" message="expected:&amp;lt;HTTP/1.1 [429 Too Many Requests]&amp;gt; but was:&amp;lt;HTTP/1.1 [200 OK]&amp;gt;">
      <![CDATA[org.junit.ComparisonFailure: expected:<HTTP/1.1 [429 Too Many Requests]> but was:<HTTP/1.1 [200 OK]>
at org.junit.Assert.assertEquals(Assert.java:125)
at org.junit.Assert.assertEquals(Assert.java:147)
at com.employeeapi.testCases.TC002_Get_A_Single_Employee_Data.checkStatusLine(TC002_Get_A_Single_Employee_Data.java:50)
at java.util.ArrayList.forEach(ArrayList.java:1259)
... Removed 27 stack frames]]>
    </failure>
  </testcase> <!-- checkStatusLine -->
  <testcase name="checkContentEncoding" time="0.008" classname="com.employeeapi.testCases.TC003_Post_Employee_Record"/>
  <testcase name="checkContentType" time="0.003" classname="com.employeeapi.testCases.TC003_Post_Employee_Record"/>
  <testcase name="checkResponseBody" time="0.006" classname="com.employeeapi.testCases.TC003_Post_Employee_Record"/>
  <testcase name="checkServerType" time="0.003" classname="com.employeeapi.testCases.TC003_Post_Employee_Record"/>
  <testcase name="checkStatusCode" time="0.003" classname="com.employeeapi.testCases.TC003_Post_Employee_Record"/>
  <testcase name="checkStatusline" time="0.003" classname="com.employeeapi.testCases.TC003_Post_Employee_Record"/>
  <testcase name="checkContentEncoding" time="0.003" classname="com.employeeapi.testCases.TC004_Update_Employee_Record">
    <failure type="junit.framework.ComparisonFailure" message="expected:&amp;lt;null&amp;gt; but was:&amp;lt;gzip&amp;gt;">
      <![CDATA[junit.framework.ComparisonFailure: expected:<null> but was:<gzip>
at junit.framework.Assert.assertEquals(Assert.java:85)
at junit.framework.Assert.assertEquals(Assert.java:91)
at com.employeeapi.testCases.TC004_Update_Employee_Record.checkContentEncoding(TC004_Update_Employee_Record.java:75)
at java.util.ArrayList.forEach(ArrayList.java:1259)
... Removed 27 stack frames]]>
    </failure>
  </testcase> <!-- checkContentEncoding -->
  <testcase name="checkContentType" time="0.004" classname="com.employeeapi.testCases.TC004_Update_Employee_Record">
    <failure type="junit.framework.ComparisonFailure" message="expected:&amp;lt;[text/html; charset=UTF-8]&amp;gt; but was:&amp;lt;[application/json]&amp;gt;">
      <![CDATA[junit.framework.ComparisonFailure: expected:<[text/html; charset=UTF-8]> but was:<[application/json]>
at junit.framework.Assert.assertEquals(Assert.java:85)
at junit.framework.Assert.assertEquals(Assert.java:91)
at com.employeeapi.testCases.TC004_Update_Employee_Record.checkContentType(TC004_Update_Employee_Record.java:63)
at java.util.ArrayList.forEach(ArrayList.java:1259)
... Removed 27 stack frames]]>
    </failure>
  </testcase> <!-- checkContentType -->
  <testcase name="checkResponseTime" time="0.006" classname="com.employeeapi.testCases.TC004_Update_Employee_Record">
    <failure type="junit.framework.AssertionFailedError" message="expected:&amp;lt;false&amp;gt; but was:&amp;lt;true&amp;gt;">
      <![CDATA[junit.framework.AssertionFailedError: expected:<false> but was:<true>
at junit.framework.Assert.fail(Assert.java:50)
at junit.framework.Assert.failNotEquals(Assert.java:287)
at junit.framework.Assert.assertEquals(Assert.java:67)
at junit.framework.Assert.assertEquals(Assert.java:147)
at junit.framework.Assert.assertEquals(Assert.java:153)
at com.employeeapi.testCases.TC004_Update_Employee_Record.checkResponseTime(TC004_Update_Employee_Record.java:43)
at java.util.ArrayList.forEach(ArrayList.java:1259)
... Removed 27 stack frames]]>
    </failure>
  </testcase> <!-- checkResponseTime -->
  <testcase name="checkServerType" time="0.001" classname="com.employeeapi.testCases.TC004_Update_Employee_Record"/>
  <testcase name="checkStatusCode" time="0.001" classname="com.employeeapi.testCases.TC004_Update_Employee_Record">
    <failure type="junit.framework.AssertionFailedError" message="expected:&amp;lt;429&amp;gt; but was:&amp;lt;200&amp;gt;">
      <![CDATA[junit.framework.AssertionFailedError: expected:<429> but was:<200>
at junit.framework.Assert.fail(Assert.java:50)
at junit.framework.Assert.failNotEquals(Assert.java:287)
at junit.framework.Assert.assertEquals(Assert.java:67)
at junit.framework.Assert.assertEquals(Assert.java:199)
at junit.framework.Assert.assertEquals(Assert.java:205)
at com.employeeapi.testCases.TC004_Update_Employee_Record.checkStatusCode(TC004_Update_Employee_Record.java:51)
at java.util.ArrayList.forEach(ArrayList.java:1259)
... Removed 27 stack frames]]>
    </failure>
  </testcase> <!-- checkStatusCode -->
  <testcase name="checkStatusLine" time="0.002" classname="com.employeeapi.testCases.TC004_Update_Employee_Record">
    <failure type="junit.framework.ComparisonFailure" message="expected:&amp;lt;HTTP/1.1 [429 Too Many Requests]&amp;gt; but was:&amp;lt;HTTP/1.1 [200 OK]&amp;gt;">
      <![CDATA[junit.framework.ComparisonFailure: expected:<HTTP/1.1 [429 Too Many Requests]> but was:<HTTP/1.1 [200 OK]>
at junit.framework.Assert.assertEquals(Assert.java:85)
at junit.framework.Assert.assertEquals(Assert.java:91)
at com.employeeapi.testCases.TC004_Update_Employee_Record.checkStatusLine(TC004_Update_Employee_Record.java:57)
at java.util.ArrayList.forEach(ArrayList.java:1259)
... Removed 27 stack frames]]>
    </failure>
  </testcase> <!-- checkStatusLine -->
  <testcase name="checkContentEncoding" time="0.004" classname="com.employeeapi.testCases.TC005_Delete_Employee_Record">
    <failure type="junit.framework.ComparisonFailure" message="expected:&amp;lt;null&amp;gt; but was:&amp;lt;gzip&amp;gt;">
      <![CDATA[junit.framework.ComparisonFailure: expected:<null> but was:<gzip>
at junit.framework.Assert.assertEquals(Assert.java:85)
at junit.framework.Assert.assertEquals(Assert.java:91)
at com.employeeapi.testCases.TC005_Delete_Employee_Record.checkContentEncoding(TC005_Delete_Employee_Record.java:63)
at java.util.ArrayList.forEach(ArrayList.java:1259)
... Removed 27 stack frames]]>
    </failure>
  </testcase> <!-- checkContentEncoding -->
  <testcase name="checkContentType" time="0.004" classname="com.employeeapi.testCases.TC005_Delete_Employee_Record">
    <failure type="junit.framework.ComparisonFailure" message="expected:&amp;lt;[text/html; charset=UTF-8]&amp;gt; but was:&amp;lt;[application/json]&amp;gt;">
      <![CDATA[junit.framework.ComparisonFailure: expected:<[text/html; charset=UTF-8]> but was:<[application/json]>
at junit.framework.Assert.assertEquals(Assert.java:85)
at junit.framework.Assert.assertEquals(Assert.java:91)
at com.employeeapi.testCases.TC005_Delete_Employee_Record.checkContentType(TC005_Delete_Employee_Record.java:51)
at java.util.ArrayList.forEach(ArrayList.java:1259)
... Removed 27 stack frames]]>
    </failure>
  </testcase> <!-- checkContentType -->
  <testcase name="checkResponseBody" time="0.006" classname="com.employeeapi.testCases.TC005_Delete_Employee_Record">
    <failure type="junit.framework.AssertionFailedError" message="expected:&amp;lt;false&amp;gt; but was:&amp;lt;true&amp;gt;">
      <![CDATA[junit.framework.AssertionFailedError: expected:<false> but was:<true>
at junit.framework.Assert.fail(Assert.java:50)
at junit.framework.Assert.failNotEquals(Assert.java:287)
at junit.framework.Assert.assertEquals(Assert.java:67)
at junit.framework.Assert.assertEquals(Assert.java:147)
at junit.framework.Assert.assertEquals(Assert.java:153)
at com.employeeapi.testCases.TC005_Delete_Employee_Record.checkResponseBody(TC005_Delete_Employee_Record.java:33)
at java.util.ArrayList.forEach(ArrayList.java:1259)
... Removed 27 stack frames]]>
    </failure>
  </testcase> <!-- checkResponseBody -->
  <testcase name="checkServerType" time="0.001" classname="com.employeeapi.testCases.TC005_Delete_Employee_Record"/>
  <testcase name="checkStatusCode" time="0.002" classname="com.employeeapi.testCases.TC005_Delete_Employee_Record">
    <failure type="junit.framework.AssertionFailedError" message="expected:&amp;lt;429&amp;gt; but was:&amp;lt;200&amp;gt;">
      <![CDATA[junit.framework.AssertionFailedError: expected:<429> but was:<200>
at junit.framework.Assert.fail(Assert.java:50)
at junit.framework.Assert.failNotEquals(Assert.java:287)
at junit.framework.Assert.assertEquals(Assert.java:67)
at junit.framework.Assert.assertEquals(Assert.java:199)
at junit.framework.Assert.assertEquals(Assert.java:205)
at com.employeeapi.testCases.TC005_Delete_Employee_Record.checkStatusCode(TC005_Delete_Employee_Record.java:39)
at java.util.ArrayList.forEach(ArrayList.java:1259)
... Removed 27 stack frames]]>
    </failure>
  </testcase> <!-- checkStatusCode -->
  <testcase name="checkStatusLine" time="0.001" classname="com.employeeapi.testCases.TC005_Delete_Employee_Record">
    <failure type="junit.framework.ComparisonFailure" message="expected:&amp;lt;HTTP/1.1 [429 Too Many Requests]&amp;gt; but was:&amp;lt;HTTP/1.1 [200 OK]&amp;gt;">
      <![CDATA[junit.framework.ComparisonFailure: expected:<HTTP/1.1 [429 Too Many Requests]> but was:<HTTP/1.1 [200 OK]>
at junit.framework.Assert.assertEquals(Assert.java:85)
at junit.framework.Assert.assertEquals(Assert.java:91)
at com.employeeapi.testCases.TC005_Delete_Employee_Record.checkStatusLine(TC005_Delete_Employee_Record.java:45)
at java.util.ArrayList.forEach(ArrayList.java:1259)
... Removed 27 stack frames]]>
    </failure>
  </testcase> <!-- checkStatusLine -->
</testsuite> <!-- restassuredtests -->
