-------------------------------------------------------------------------------
Test set: TestSuite
-------------------------------------------------------------------------------
Tests run: 32, Failures: 7, Errors: 0, Skipped: 0, Time elapsed: 25.331 sec <<< FAILURE!
checkResponseTime(com.employeeapi.testCases.TC001_Get_All_Employees)  Time elapsed: 0.005 sec  <<< FAILURE!
java.lang.AssertionError
	at org.junit.Assert.fail(Assert.java:92)
	at org.junit.Assert.assertTrue(Assert.java:43)
	at org.junit.Assert.assertTrue(Assert.java:54)
	at com.employeeapi.testCases.TC001_Get_All_Employees.checkResponseTime(TC001_Get_All_Employees.java:66)

checkContentLength(com.employeeapi.testCases.TC002_Get_A_Single_Employee_Data)  Time elapsed: 0 sec  <<< FAILURE!
java.lang.NumberFormatException: null
	at java.lang.Integer.parseInt(Integer.java:542)
	at java.lang.Integer.parseInt(Integer.java:615)
	at com.employeeapi.testCases.TC002_Get_A_Single_Employee_Data.checkContentLength(TC002_Get_A_Single_Employee_Data.java:104)

checkContentEncoding(com.employeeapi.testCases.TC005_Delete_Employee_Record)  Time elapsed: 0.006 sec  <<< FAILURE!
junit.framework.ComparisonFailure: expected:<null> but was:<gzip>
	at junit.framework.Assert.assertEquals(Assert.java:85)
	at junit.framework.Assert.assertEquals(Assert.java:91)
	at com.employeeapi.testCases.TC005_Delete_Employee_Record.checkContentEncoding(TC005_Delete_Employee_Record.java:63)

checkContentType(com.employeeapi.testCases.TC005_Delete_Employee_Record)  Time elapsed: 0.004 sec  <<< FAILURE!
junit.framework.ComparisonFailure: expected:<[text/html; charset=UTF-8]> but was:<[application/json]>
	at junit.framework.Assert.assertEquals(Assert.java:85)
	at junit.framework.Assert.assertEquals(Assert.java:91)
	at com.employeeapi.testCases.TC005_Delete_Employee_Record.checkContentType(TC005_Delete_Employee_Record.java:51)

checkResponseBody(com.employeeapi.testCases.TC005_Delete_Employee_Record)  Time elapsed: 0.005 sec  <<< FAILURE!
junit.framework.AssertionFailedError: expected:<false> but was:<true>
	at junit.framework.Assert.fail(Assert.java:50)
	at junit.framework.Assert.failNotEquals(Assert.java:287)
	at junit.framework.Assert.assertEquals(Assert.java:67)
	at junit.framework.Assert.assertEquals(Assert.java:147)
	at junit.framework.Assert.assertEquals(Assert.java:153)
	at com.employeeapi.testCases.TC005_Delete_Employee_Record.checkResponseBody(TC005_Delete_Employee_Record.java:33)

checkStatusCode(com.employeeapi.testCases.TC005_Delete_Employee_Record)  Time elapsed: 0.003 sec  <<< FAILURE!
junit.framework.AssertionFailedError: expected:<429> but was:<200>
	at junit.framework.Assert.fail(Assert.java:50)
	at junit.framework.Assert.failNotEquals(Assert.java:287)
	at junit.framework.Assert.assertEquals(Assert.java:67)
	at junit.framework.Assert.assertEquals(Assert.java:199)
	at junit.framework.Assert.assertEquals(Assert.java:205)
	at com.employeeapi.testCases.TC005_Delete_Employee_Record.checkStatusCode(TC005_Delete_Employee_Record.java:39)

checkStatusLine(com.employeeapi.testCases.TC005_Delete_Employee_Record)  Time elapsed: 0.002 sec  <<< FAILURE!
junit.framework.ComparisonFailure: expected:<HTTP/1.1 [429 Too Many Requests]> but was:<HTTP/1.1 [200 OK]>
	at junit.framework.Assert.assertEquals(Assert.java:85)
	at junit.framework.Assert.assertEquals(Assert.java:91)
	at com.employeeapi.testCases.TC005_Delete_Employee_Record.checkStatusLine(TC005_Delete_Employee_Record.java:45)

