<?xml version="1.0" encoding="UTF-8"?>
<testng-results skipped="0" failed="0" ignored="0" total="5" passed="5">
  <reporter-output>
  </reporter-output>
  <suite name="restAssuredTestSuite" duration-ms="7124" started-at="2021-07-04T18:29:44 IST" finished-at="2021-07-04T18:29:52 IST">
    <groups>
    </groups>
    <test name="restassuredtests" duration-ms="7124" started-at="2021-07-04T18:29:44 IST" finished-at="2021-07-04T18:29:52 IST">
      <class name="com.employeeapi.testCases.TC001_Get_All_Employees">
        <test-method status="PASS" signature="getAllEmplyees()[pri:0, instance:com.employeeapi.testCases.TC001_Get_All_Employees@5a8e6209]" name="getAllEmplyees" is-config="true" duration-ms="6663" started-at="2021-07-04T18:29:45 IST" finished-at="2021-07-04T18:29:51 IST">
          <reporter-output>
          </reporter-output>
        </test-method> <!-- getAllEmplyees -->
        <test-method status="PASS" signature="checkContentType()[pri:0, instance:com.employeeapi.testCases.TC001_Get_All_Employees@5a8e6209]" name="checkContentType" duration-ms="14" started-at="2021-07-04T18:29:51 IST" finished-at="2021-07-04T18:29:51 IST">
          <reporter-output>
          </reporter-output>
        </test-method> <!-- checkContentType -->
        <test-method status="PASS" signature="checkResponseBody()[pri:0, instance:com.employeeapi.testCases.TC001_Get_All_Employees@5a8e6209]" name="checkResponseBody" duration-ms="35" started-at="2021-07-04T18:29:51 IST" finished-at="2021-07-04T18:29:52 IST">
          <reporter-output>
          </reporter-output>
        </test-method> <!-- checkResponseBody -->
        <test-method status="PASS" signature="checkServerType()[pri:0, instance:com.employeeapi.testCases.TC001_Get_All_Employees@5a8e6209]" name="checkServerType" duration-ms="0" started-at="2021-07-04T18:29:52 IST" finished-at="2021-07-04T18:29:52 IST">
          <reporter-output>
          </reporter-output>
        </test-method> <!-- checkServerType -->
        <test-method status="PASS" signature="checkStatusCode()[pri:0, instance:com.employeeapi.testCases.TC001_Get_All_Employees@5a8e6209]" name="checkStatusCode" duration-ms="0" started-at="2021-07-04T18:29:52 IST" finished-at="2021-07-04T18:29:52 IST">
          <reporter-output>
          </reporter-output>
        </test-method> <!-- checkStatusCode -->
        <test-method status="PASS" signature="checkStatusLine()[pri:0, instance:com.employeeapi.testCases.TC001_Get_All_Employees@5a8e6209]" name="checkStatusLine" duration-ms="1" started-at="2021-07-04T18:29:52 IST" finished-at="2021-07-04T18:29:52 IST">
          <reporter-output>
          </reporter-output>
        </test-method> <!-- checkStatusLine -->
        <test-method status="PASS" signature="tearDown()[pri:0, instance:com.employeeapi.testCases.TC001_Get_All_Employees@5a8e6209]" name="tearDown" is-config="true" duration-ms="0" started-at="2021-07-04T18:29:52 IST" finished-at="2021-07-04T18:29:52 IST">
          <reporter-output>
          </reporter-output>
        </test-method> <!-- tearDown -->
      </class> <!-- com.employeeapi.testCases.TC001_Get_All_Employees -->
    </test> <!-- restassuredtests -->
  </suite> <!-- restAssuredTestSuite -->
</testng-results>
