<?xml version="1.0" encoding="UTF-8" ?>
<testsuite tests="32" failures="7" name="TestSuite" time="0.088" errors="0" skipped="0">
  <properties>
[...]
</properties>
  <testcase classname="com.employeeapi.testCases.TC001_Get_All_Employees" name="checkContentLength" time="0.012"/>
  <testcase classname="com.employeeapi.testCases.TC001_Get_All_Employees" name="checkContentType" time="0"/>
  <testcase classname="com.employeeapi.testCases.TC001_Get_All_Employees" name="checkResponseBody" time="0.029"/>
  <testcase classname="com.employeeapi.testCases.TC001_Get_All_Employees" name="checkResponseTime" time="0.005">
    <failure type="java.lang.AssertionError">java.lang.AssertionError
	at org.junit.Assert.fail(Assert.java:92)
	at org.junit.Assert.assertTrue(Assert.java:43)
	at org.junit.Assert.assertTrue(Assert.java:54)
	at com.employeeapi.testCases.TC001_Get_All_Employees.checkResponseTime(TC001_Get_All_Employees.java:66)
</failure>
  </testcase>
  <testcase classname="com.employeeapi.testCases.TC001_Get_All_Employees" name="checkServerType" time="0.002"/>
  <testcase classname="com.employeeapi.testCases.TC001_Get_All_Employees" name="checkStatusCode" time="0"/>
  <testcase classname="com.employeeapi.testCases.TC001_Get_All_Employees" name="checkStatusLine" time="0"/>
  <testcase classname="com.employeeapi.testCases.TC002_Get_A_Single_Employee_Data" name="checkContentLength" time="0">
    <failure type="java.lang.NumberFormatException:">java.lang.NumberFormatException: null
	at java.lang.Integer.parseInt(Integer.java:542)
	at java.lang.Integer.parseInt(Integer.java:615)
	at com.employeeapi.testCases.TC002_Get_A_Single_Employee_Data.checkContentLength(TC002_Get_A_Single_Employee_Data.java:104)
</failure>
  </testcase>
  <testcase classname="com.employeeapi.testCases.TC002_Get_A_Single_Employee_Data" name="checkContentType" time="0"/>
  <testcase classname="com.employeeapi.testCases.TC002_Get_A_Single_Employee_Data" name="checkResponseBody" time="0"/>
  <testcase classname="com.employeeapi.testCases.TC002_Get_A_Single_Employee_Data" name="checkResponseTime" time="0"/>
  <testcase classname="com.employeeapi.testCases.TC002_Get_A_Single_Employee_Data" name="checkServerType" time="0.005"/>
  <testcase classname="com.employeeapi.testCases.TC002_Get_A_Single_Employee_Data" name="checkStatusCode" time="0"/>
  <testcase classname="com.employeeapi.testCases.TC002_Get_A_Single_Employee_Data" name="checkStatusLine" time="0"/>
  <testcase classname="com.employeeapi.testCases.TC003_Post_Employee_Record" name="checkContentEncoding" time="0.008"/>
  <testcase classname="com.employeeapi.testCases.TC003_Post_Employee_Record" name="checkContentType" time="0"/>
  <testcase classname="com.employeeapi.testCases.TC003_Post_Employee_Record" name="checkResponseBody" time="0.001"/>
  <testcase classname="com.employeeapi.testCases.TC003_Post_Employee_Record" name="checkServerType" time="0.001"/>
  <testcase classname="com.employeeapi.testCases.TC003_Post_Employee_Record" name="checkStatusCode" time="0"/>
  <testcase classname="com.employeeapi.testCases.TC003_Post_Employee_Record" name="checkStatusline" time="0.001"/>
  <testcase classname="com.employeeapi.testCases.TC004_Update_Employee_Record" name="checkContentEncoding" time="0"/>
  <testcase classname="com.employeeapi.testCases.TC004_Update_Employee_Record" name="checkContentType" time="0"/>
  <testcase classname="com.employeeapi.testCases.TC004_Update_Employee_Record" name="checkResponseTime" time="0.002"/>
  <testcase classname="com.employeeapi.testCases.TC004_Update_Employee_Record" name="checkServerType" time="0.001"/>
  <testcase classname="com.employeeapi.testCases.TC004_Update_Employee_Record" name="checkStatusCode" time="0.001"/>
  <testcase classname="com.employeeapi.testCases.TC004_Update_Employee_Record" name="checkStatusLine" time="0"/>
  <testcase classname="com.employeeapi.testCases.TC005_Delete_Employee_Record" name="checkContentEncoding" time="0.006">
    <failure message="expected:&lt;null&gt; but was:&lt;gzip&gt;" type="junit.framework.ComparisonFailure">junit.framework.ComparisonFailure: expected:&lt;null&gt; but was:&lt;gzip&gt;
	at junit.framework.Assert.assertEquals(Assert.java:85)
	at junit.framework.Assert.assertEquals(Assert.java:91)
	at com.employeeapi.testCases.TC005_Delete_Employee_Record.checkContentEncoding(TC005_Delete_Employee_Record.java:63)
</failure>
  </testcase>
  <testcase classname="com.employeeapi.testCases.TC005_Delete_Employee_Record" name="checkContentType" time="0.004">
    <failure message="expected:&lt;[text/html; charset=UTF-8]&gt; but was:&lt;[application/json]&gt;" type="junit.framework.ComparisonFailure">junit.framework.ComparisonFailure: expected:&lt;[text/html; charset=UTF-8]&gt; but was:&lt;[application/json]&gt;
	at junit.framework.Assert.assertEquals(Assert.java:85)
	at junit.framework.Assert.assertEquals(Assert.java:91)
	at com.employeeapi.testCases.TC005_Delete_Employee_Record.checkContentType(TC005_Delete_Employee_Record.java:51)
</failure>
  </testcase>
  <testcase classname="com.employeeapi.testCases.TC005_Delete_Employee_Record" name="checkResponseBody" time="0.005">
    <failure message="expected:&lt;false&gt; but was:&lt;true&gt;" type="junit.framework.AssertionFailedError">junit.framework.AssertionFailedError: expected:&lt;false&gt; but was:&lt;true&gt;
	at junit.framework.Assert.fail(Assert.java:50)
	at junit.framework.Assert.failNotEquals(Assert.java:287)
	at junit.framework.Assert.assertEquals(Assert.java:67)
	at junit.framework.Assert.assertEquals(Assert.java:147)
	at junit.framework.Assert.assertEquals(Assert.java:153)
	at com.employeeapi.testCases.TC005_Delete_Employee_Record.checkResponseBody(TC005_Delete_Employee_Record.java:33)
</failure>
  </testcase>
  <testcase classname="com.employeeapi.testCases.TC005_Delete_Employee_Record" name="checkServerType" time="0"/>
  <testcase classname="com.employeeapi.testCases.TC005_Delete_Employee_Record" name="checkStatusCode" time="0.003">
    <failure message="expected:&lt;429&gt; but was:&lt;200&gt;" type="junit.framework.AssertionFailedError">junit.framework.AssertionFailedError: expected:&lt;429&gt; but was:&lt;200&gt;
	at junit.framework.Assert.fail(Assert.java:50)
	at junit.framework.Assert.failNotEquals(Assert.java:287)
	at junit.framework.Assert.assertEquals(Assert.java:67)
	at junit.framework.Assert.assertEquals(Assert.java:199)
	at junit.framework.Assert.assertEquals(Assert.java:205)
	at com.employeeapi.testCases.TC005_Delete_Employee_Record.checkStatusCode(TC005_Delete_Employee_Record.java:39)
</failure>
  </testcase>
  <testcase classname="com.employeeapi.testCases.TC005_Delete_Employee_Record" name="checkStatusLine" time="0.002">
    <failure message="expected:&lt;HTTP/1.1 [429 Too Many Requests]&gt; but was:&lt;HTTP/1.1 [200 OK]&gt;" type="junit.framework.ComparisonFailure">junit.framework.ComparisonFailure: expected:&lt;HTTP/1.1 [429 Too Many Requests]&gt; but was:&lt;HTTP/1.1 [200 OK]&gt;
	at junit.framework.Assert.assertEquals(Assert.java:85)
	at junit.framework.Assert.assertEquals(Assert.java:91)
	at com.employeeapi.testCases.TC005_Delete_Employee_Record.checkStatusLine(TC005_Delete_Employee_Record.java:45)
</failure>
  </testcase>
</testsuite>